<?xml version="1.0" encoding="UTF-8"?>
<coverage generated="1718899824008" clover="3.2.0">
  <project timestamp="1718899824008" name="All files">
    <metrics statements="54" coveredstatements="54" conditionals="24" coveredconditionals="24" methods="10" coveredmethods="10" elements="88" coveredelements="88" complexity="0" loc="54" ncloc="54" packages="6" files="6" classes="6"/>
    <package name="find_the_odd_int">
      <metrics statements="10" coveredstatements="10" conditionals="4" coveredconditionals="4" methods="2" coveredmethods="2"/>
      <file name="find_the_odd_int.js" path="/Users/rachelspencer/Documents/code_challenges/find_the_odd_int/find_the_odd_int.js">
        <metrics statements="10" coveredstatements="10" conditionals="4" coveredconditionals="4" methods="2" coveredmethods="2"/>
        <line num="21" count="1" type="stmt"/>
        <line num="22" count="5" type="stmt"/>
        <line num="24" count="5" type="stmt"/>
        <line num="26" count="23" type="cond" truecount="2" falsecount="0"/>
        <line num="27" count="13" type="stmt"/>
        <line num="29" count="10" type="stmt"/>
        <line num="33" count="5" type="stmt"/>
        <line num="34" count="9" type="cond" truecount="2" falsecount="0"/>
        <line num="35" count="5" type="stmt"/>
        <line num="41" count="1" type="stmt"/>
      </file>
    </package>
    <package name="length_of_last_word">
      <metrics statements="6" coveredstatements="6" conditionals="0" coveredconditionals="0" methods="1" coveredmethods="1"/>
      <file name="lengthOfLastWord.js" path="/Users/rachelspencer/Documents/code_challenges/length_of_last_word/lengthOfLastWord.js">
        <metrics statements="6" coveredstatements="6" conditionals="0" coveredconditionals="0" methods="1" coveredmethods="1"/>
        <line num="20" count="1" type="stmt"/>
        <line num="22" count="1" type="stmt"/>
        <line num="23" count="4" type="stmt"/>
        <line num="25" count="4" type="stmt"/>
        <line num="29" count="1" type="stmt"/>
        <line num="31" count="1" type="stmt"/>
      </file>
    </package>
    <package name="longest_common_prefix">
      <metrics statements="13" coveredstatements="13" conditionals="4" coveredconditionals="4" methods="1" coveredmethods="1"/>
      <file name="longest_comming_prefix.js" path="/Users/rachelspencer/Documents/code_challenges/longest_common_prefix/longest_comming_prefix.js">
        <metrics statements="13" coveredstatements="13" conditionals="4" coveredconditionals="4" methods="1" coveredmethods="1"/>
        <line num="13" count="1" type="stmt"/>
        <line num="15" count="4" type="stmt"/>
        <line num="17" count="4" type="stmt"/>
        <line num="19" count="4" type="cond" truecount="2" falsecount="0"/>
        <line num="20" count="3" type="stmt"/>
        <line num="21" count="3" type="stmt"/>
        <line num="23" count="3" type="stmt"/>
        <line num="24" count="7" type="cond" truecount="2" falsecount="0"/>
        <line num="25" count="3" type="stmt"/>
        <line num="27" count="4" type="stmt"/>
        <line num="30" count="3" type="stmt"/>
        <line num="32" count="1" type="stmt"/>
        <line num="35" count="1" type="stmt"/>
      </file>
    </package>
    <package name="merge_two_sorted_lists">
      <metrics statements="12" coveredstatements="12" conditionals="8" coveredconditionals="8" methods="4" coveredmethods="4"/>
      <file name="mergeTwoSortedLists.js" path="/Users/rachelspencer/Documents/code_challenges/merge_two_sorted_lists/mergeTwoSortedLists.js">
        <metrics statements="12" coveredstatements="12" conditionals="8" coveredconditionals="8" methods="4" coveredmethods="4"/>
        <line num="20" count="1" type="stmt"/>
        <line num="21" count="1" type="stmt"/>
        <line num="46" count="1" type="stmt"/>
        <line num="48" count="8" type="cond" truecount="4" falsecount="0"/>
        <line num="49" count="1" type="stmt"/>
        <line num="51" count="7" type="cond" truecount="2" falsecount="0"/>
        <line num="52" count="4" type="stmt"/>
        <line num="54" count="4" type="cond" truecount="2" falsecount="0"/>
        <line num="55" count="5" type="stmt"/>
        <line num="58" count="2" type="stmt"/>
        <line num="59" count="26" type="stmt"/>
        <line num="64" count="1" type="stmt"/>
      </file>
    </package>
    <package name="return_negative">
      <metrics statements="2" coveredstatements="2" conditionals="2" coveredconditionals="2" methods="1" coveredmethods="1"/>
      <file name="return_negative.js" path="/Users/rachelspencer/Documents/code_challenges/return_negative/return_negative.js">
        <metrics statements="2" coveredstatements="2" conditionals="2" coveredconditionals="2" methods="1" coveredmethods="1"/>
        <line num="12" count="3" type="cond" truecount="2" falsecount="0"/>
        <line num="14" count="1" type="stmt"/>
      </file>
    </package>
    <package name="valid_parentheses">
      <metrics statements="11" coveredstatements="11" conditionals="6" coveredconditionals="6" methods="1" coveredmethods="1"/>
      <file name="valid_parentheses.js" path="/Users/rachelspencer/Documents/code_challenges/valid_parentheses/valid_parentheses.js">
        <metrics statements="11" coveredstatements="11" conditionals="6" coveredconditionals="6" methods="1" coveredmethods="1"/>
        <line num="24" count="1" type="stmt"/>
        <line num="26" count="3" type="stmt"/>
        <line num="28" count="3" type="stmt"/>
        <line num="34" count="3" type="stmt"/>
        <line num="35" count="10" type="cond" truecount="2" falsecount="0"/>
        <line num="36" count="5" type="cond" truecount="4" falsecount="0"/>
        <line num="37" count="4" type="stmt"/>
        <line num="39" count="1" type="stmt"/>
        <line num="42" count="5" type="stmt"/>
        <line num="45" count="2" type="stmt"/>
        <line num="48" count="1" type="stmt"/>
      </file>
    </package>
  </project>
</coverage>
