{"/Users/rachelspencer/Documents/code_challenges/find_the_odd_int/find_the_odd_int.js": {"path":"/Users/rachelspencer/Documents/code_challenges/find_the_odd_int/find_the_odd_int.js","statementMap":{"0":{"start":{"line":21,"column":19},"end":{"line":38,"column":1}},"1":{"start":{"line":22,"column":21},"end":{"line":22,"column":23}},"2":{"start":{"line":24,"column":4},"end":{"line":31,"column":7}},"3":{"start":{"line":26,"column":8},"end":{"line":30,"column":9}},"4":{"start":{"line":27,"column":12},"end":{"line":27,"column":46}},"5":{"start":{"line":29,"column":12},"end":{"line":29,"column":30}},"6":{"start":{"line":33,"column":4},"end":{"line":37,"column":5}},"7":{"start":{"line":34,"column":8},"end":{"line":36,"column":9}},"8":{"start":{"line":35,"column":12},"end":{"line":35,"column":33}},"9":{"start":{"line":41,"column":0},"end":{"line":41,"column":27}}},"fnMap":{"0":{"name":"(anonymous_0)","decl":{"start":{"line":21,"column":19},"end":{"line":21,"column":20}},"loc":{"start":{"line":21,"column":28},"end":{"line":38,"column":1}},"line":21},"1":{"name":"(anonymous_1)","decl":{"start":{"line":24,"column":16},"end":{"line":24,"column":17}},"loc":{"start":{"line":24,"column":23},"end":{"line":31,"column":5}},"line":24}},"branchMap":{"0":{"loc":{"start":{"line":26,"column":8},"end":{"line":30,"column":9}},"type":"if","locations":[{"start":{"line":26,"column":8},"end":{"line":30,"column":9}},{"start":{"line":28,"column":15},"end":{"line":30,"column":9}}],"line":26},"1":{"loc":{"start":{"line":34,"column":8},"end":{"line":36,"column":9}},"type":"if","locations":[{"start":{"line":34,"column":8},"end":{"line":36,"column":9}},{"start":{},"end":{}}],"line":34}},"s":{"0":1,"1":5,"2":5,"3":23,"4":13,"5":10,"6":5,"7":9,"8":5,"9":1},"f":{"0":5,"1":23},"b":{"0":[13,10],"1":[5,4]},"_coverageSchema":"1a1c01bbd47fc00a2c39e90264f33305004495a9","hash":"2fcf0506526645228bad63f21e6bfe9d7b08f29d"}
,"/Users/rachelspencer/Documents/code_challenges/longest_common_prefix/longest_comming_prefix.js": {"path":"/Users/rachelspencer/Documents/code_challenges/longest_common_prefix/longest_comming_prefix.js","statementMap":{"0":{"start":{"line":13,"column":28},"end":{"line":33,"column":1}},"1":{"start":{"line":15,"column":4},"end":{"line":15,"column":16}},"2":{"start":{"line":17,"column":19},"end":{"line":17,"column":21}},"3":{"start":{"line":19,"column":4},"end":{"line":31,"column":5}},"4":{"start":{"line":20,"column":26},"end":{"line":20,"column":43}},"5":{"start":{"line":21,"column":25},"end":{"line":21,"column":55}},"6":{"start":{"line":23,"column":8},"end":{"line":29,"column":9}},"7":{"start":{"line":23,"column":19},"end":{"line":23,"column":20}},"8":{"start":{"line":24,"column":12},"end":{"line":28,"column":13}},"9":{"start":{"line":25,"column":16},"end":{"line":25,"column":21}},"10":{"start":{"line":27,"column":16},"end":{"line":27,"column":41}},"11":{"start":{"line":30,"column":8},"end":{"line":30,"column":31}},"12":{"start":{"line":32,"column":4},"end":{"line":32,"column":14}},"13":{"start":{"line":35,"column":0},"end":{"line":35,"column":36}}},"fnMap":{"0":{"name":"(anonymous_0)","decl":{"start":{"line":13,"column":28},"end":{"line":13,"column":29}},"loc":{"start":{"line":13,"column":43},"end":{"line":33,"column":1}},"line":13}},"branchMap":{"0":{"loc":{"start":{"line":19,"column":4},"end":{"line":31,"column":5}},"type":"if","locations":[{"start":{"line":19,"column":4},"end":{"line":31,"column":5}},{"start":{},"end":{}}],"line":19},"1":{"loc":{"start":{"line":24,"column":12},"end":{"line":28,"column":13}},"type":"if","locations":[{"start":{"line":24,"column":12},"end":{"line":28,"column":13}},{"start":{"line":26,"column":19},"end":{"line":28,"column":13}}],"line":24}},"s":{"0":1,"1":4,"2":4,"3":4,"4":3,"5":3,"6":3,"7":3,"8":7,"9":3,"10":4,"11":3,"12":1,"13":1},"f":{"0":4},"b":{"0":[3,1],"1":[3,4]},"_coverageSchema":"1a1c01bbd47fc00a2c39e90264f33305004495a9","hash":"e9001e2f33a9d6b033c2b761d6486a6eb10badaf"}
,"/Users/rachelspencer/Documents/code_challenges/return_negative/return_negative.js": {"path":"/Users/rachelspencer/Documents/code_challenges/return_negative/return_negative.js","statementMap":{"0":{"start":{"line":12,"column":21},"end":{"line":12,"column":53}},"1":{"start":{"line":12,"column":28},"end":{"line":12,"column":53}},"2":{"start":{"line":14,"column":0},"end":{"line":14,"column":29}}},"fnMap":{"0":{"name":"(anonymous_0)","decl":{"start":{"line":12,"column":21},"end":{"line":12,"column":22}},"loc":{"start":{"line":12,"column":28},"end":{"line":12,"column":53}},"line":12}},"branchMap":{"0":{"loc":{"start":{"line":12,"column":28},"end":{"line":12,"column":53}},"type":"cond-expr","locations":[{"start":{"line":12,"column":39},"end":{"line":12,"column":42}},{"start":{"line":12,"column":45},"end":{"line":12,"column":53}}],"line":12}},"s":{"0":1,"1":3,"2":1},"f":{"0":3},"b":{"0":[2,1]},"_coverageSchema":"1a1c01bbd47fc00a2c39e90264f33305004495a9","hash":"c47f7682da3df34247f1ed25e8aac10f1777ece6"}
}
