{"/Users/rachelspencer/Documents/code_challenges/find_the_odd_int/find_the_odd_int.js": {"path":"/Users/rachelspencer/Documents/code_challenges/find_the_odd_int/find_the_odd_int.js","statementMap":{"0":{"start":{"line":21,"column":19},"end":{"line":38,"column":1}},"1":{"start":{"line":22,"column":21},"end":{"line":22,"column":23}},"2":{"start":{"line":24,"column":4},"end":{"line":31,"column":7}},"3":{"start":{"line":26,"column":8},"end":{"line":30,"column":9}},"4":{"start":{"line":27,"column":12},"end":{"line":27,"column":46}},"5":{"start":{"line":29,"column":12},"end":{"line":29,"column":30}},"6":{"start":{"line":33,"column":4},"end":{"line":37,"column":5}},"7":{"start":{"line":34,"column":8},"end":{"line":36,"column":9}},"8":{"start":{"line":35,"column":12},"end":{"line":35,"column":33}},"9":{"start":{"line":41,"column":0},"end":{"line":41,"column":27}}},"fnMap":{"0":{"name":"(anonymous_0)","decl":{"start":{"line":21,"column":19},"end":{"line":21,"column":20}},"loc":{"start":{"line":21,"column":28},"end":{"line":38,"column":1}},"line":21},"1":{"name":"(anonymous_1)","decl":{"start":{"line":24,"column":16},"end":{"line":24,"column":17}},"loc":{"start":{"line":24,"column":23},"end":{"line":31,"column":5}},"line":24}},"branchMap":{"0":{"loc":{"start":{"line":26,"column":8},"end":{"line":30,"column":9}},"type":"if","locations":[{"start":{"line":26,"column":8},"end":{"line":30,"column":9}},{"start":{"line":28,"column":15},"end":{"line":30,"column":9}}],"line":26},"1":{"loc":{"start":{"line":34,"column":8},"end":{"line":36,"column":9}},"type":"if","locations":[{"start":{"line":34,"column":8},"end":{"line":36,"column":9}},{"start":{},"end":{}}],"line":34}},"s":{"0":1,"1":5,"2":5,"3":23,"4":13,"5":10,"6":5,"7":9,"8":5,"9":1},"f":{"0":5,"1":23},"b":{"0":[13,10],"1":[5,4]},"_coverageSchema":"1a1c01bbd47fc00a2c39e90264f33305004495a9","hash":"2fcf0506526645228bad63f21e6bfe9d7b08f29d"}
,"/Users/rachelspencer/Documents/code_challenges/return_negative/return_negative.js": {"path":"/Users/rachelspencer/Documents/code_challenges/return_negative/return_negative.js","statementMap":{"0":{"start":{"line":2,"column":4},"end":{"line":5,"column":19}},"1":{"start":{"line":3,"column":8},"end":{"line":3,"column":18}},"2":{"start":{"line":5,"column":4},"end":{"line":5,"column":19}},"3":{"start":{"line":14,"column":0},"end":{"line":14,"column":29}}},"fnMap":{"0":{"name":"makeNegative","decl":{"start":{"line":1,"column":9},"end":{"line":1,"column":21}},"loc":{"start":{"line":1,"column":27},"end":{"line":6,"column":3}},"line":1}},"branchMap":{"0":{"loc":{"start":{"line":2,"column":4},"end":{"line":5,"column":19}},"type":"if","locations":[{"start":{"line":2,"column":4},"end":{"line":5,"column":19}},{"start":{"line":5,"column":4},"end":{"line":5,"column":19}}],"line":2}},"s":{"0":3,"1":2,"2":1,"3":1},"f":{"0":3},"b":{"0":[2,1]},"_coverageSchema":"1a1c01bbd47fc00a2c39e90264f33305004495a9","hash":"2099c64f74f0b0d397fdbbde59e22dc79f8ef87b"}
}
