TN:
SF:find_the_odd_int/find_the_odd_int.js
FN:21,(anonymous_0)
FN:24,(anonymous_1)
FNF:2
FNH:2
FNDA:5,(anonymous_0)
FNDA:23,(anonymous_1)
DA:21,1
DA:22,5
DA:24,5
DA:26,23
DA:27,13
DA:29,10
DA:33,5
DA:34,9
DA:35,5
DA:41,1
LF:10
LH:10
BRDA:26,0,0,13
BRDA:26,0,1,10
BRDA:34,1,0,5
BRDA:34,1,1,4
BRF:4
BRH:4
end_of_record
TN:
SF:longest_common_prefix/longest_comming_prefix.js
FN:13,(anonymous_0)
FNF:1
FNH:1
FNDA:4,(anonymous_0)
DA:13,1
DA:15,4
DA:17,4
DA:19,4
DA:20,3
DA:21,3
DA:23,3
DA:24,7
DA:25,3
DA:27,4
DA:30,3
DA:32,1
DA:35,1
LF:13
LH:13
BRDA:19,0,0,3
BRDA:19,0,1,1
BRDA:24,1,0,3
BRDA:24,1,1,4
BRF:4
BRH:4
end_of_record
TN:
SF:merge_two_sorted_lists/mergeTwoSortedLists.js
FN:46,(anonymous_0)
FN:52,(anonymous_1)
FN:55,(anonymous_2)
FN:59,(anonymous_3)
FNF:4
FNH:4
FNDA:8,(anonymous_0)
FNDA:4,(anonymous_1)
FNDA:5,(anonymous_2)
FNDA:26,(anonymous_3)
DA:20,1
DA:21,1
DA:46,1
DA:48,8
DA:49,1
DA:51,7
DA:52,4
DA:54,4
DA:55,5
DA:58,2
DA:59,26
DA:64,1
LF:12
LH:12
BRDA:48,0,0,1
BRDA:48,0,1,7
BRDA:48,1,0,8
BRDA:48,1,1,4
BRDA:51,2,0,3
BRDA:51,2,1,4
BRDA:54,3,0,2
BRDA:54,3,1,2
BRF:8
BRH:8
end_of_record
TN:
SF:return_negative/return_negative.js
FN:12,(anonymous_0)
FNF:1
FNH:1
FNDA:3,(anonymous_0)
DA:12,3
DA:14,1
LF:2
LH:2
BRDA:12,0,0,2
BRDA:12,0,1,1
BRF:2
BRH:2
end_of_record
TN:
SF:valid_parentheses/valid_parentheses.js
FN:24,(anonymous_0)
FNF:1
FNH:1
FNDA:3,(anonymous_0)
DA:24,1
DA:26,3
DA:28,3
DA:34,3
DA:35,10
DA:36,5
DA:37,4
DA:39,1
DA:42,5
DA:45,2
DA:48,1
LF:11
LH:11
BRDA:35,0,0,5
BRDA:35,0,1,5
BRDA:36,1,0,4
BRDA:36,1,1,1
BRDA:36,2,0,5
BRDA:36,2,1,5
BRF:6
BRH:6
end_of_record
