TN:
SF:find_the_odd_int/find_the_odd_int.js
FN:21,(anonymous_0)
FN:24,(anonymous_1)
FNF:2
FNH:2
FNDA:5,(anonymous_0)
FNDA:23,(anonymous_1)
DA:21,1
DA:22,5
DA:24,5
DA:26,23
DA:27,13
DA:29,10
DA:33,5
DA:34,9
DA:35,5
DA:41,1
LF:10
LH:10
BRDA:26,0,0,13
BRDA:26,0,1,10
BRDA:34,1,0,5
BRDA:34,1,1,4
BRF:4
BRH:4
end_of_record
TN:
SF:longest_common_prefix/longest_comming_prefix.js
FN:13,(anonymous_0)
FNF:1
FNH:1
FNDA:4,(anonymous_0)
DA:13,1
DA:15,4
DA:17,4
DA:19,4
DA:20,3
DA:21,3
DA:23,3
DA:24,7
DA:25,3
DA:27,4
DA:30,3
DA:32,1
DA:35,1
LF:13
LH:13
BRDA:19,0,0,3
BRDA:19,0,1,1
BRDA:24,1,0,3
BRDA:24,1,1,4
BRF:4
BRH:4
end_of_record
TN:
SF:return_negative/return_negative.js
FN:12,(anonymous_0)
FNF:1
FNH:1
FNDA:3,(anonymous_0)
DA:12,3
DA:14,1
LF:2
LH:2
BRDA:12,0,0,2
BRDA:12,0,1,1
BRF:2
BRH:2
end_of_record
